<?xml version="1.0" encoding="UTF-8"?>
<!-- Generated by org.testng.reporters.JUnitReportReporter -->
<testsuite hostname="Kirara" name="pe.edu.upc.dao.impl.TMantengoClienteHibernateDaoTest" tests="9" failures="8" timestamp="3 Jul 2016 14:10:27 GMT" time="0,156" errors="1">
  <testcase name="testActualizar" time="0,000" classname="pe.edu.upc.dao.impl.TMantengoClienteHibernateDaoTest"/>
  <testcase name="testListar" time="0,000" classname="pe.edu.upc.dao.impl.TMantengoClienteHibernateDaoTest"/>
  <testcase name="testEliminarIncorrecto" time="0,000" classname="pe.edu.upc.dao.impl.TMantengoClienteHibernateDaoTest"/>
  <testcase name="testEliminar" time="0,000" classname="pe.edu.upc.dao.impl.TMantengoClienteHibernateDaoTest"/>
  <testcase name="testInsertar" time="0,156" classname="pe.edu.upc.dao.impl.TMantengoClienteHibernateDaoTest">
    <error type="java.lang.AssertionError" message="NO SE EJECUTO CON EXITO LA PRUEBA UNITARIA could not execute statement">
      <![CDATA[java.lang.AssertionError: NO SE EJECUTO CON EXITO LA PRUEBA UNITARIA could not execute statement
	at org.testng.Assert.fail(Assert.java:89)
	at pe.edu.upc.dao.impl.TMantengoClienteHibernateDaoTest.testInsertar(TMantengoClienteHibernateDaoTest.java:77)
	at sun.reflect.NativeMethodAccessorImpl.invoke0(Native Method)
	at sun.reflect.NativeMethodAccessorImpl.invoke(NativeMethodAccessorImpl.java:62)
	at sun.reflect.DelegatingMethodAccessorImpl.invoke(DelegatingMethodAccessorImpl.java:43)
	at java.lang.reflect.Method.invoke(Method.java:498)
	at org.testng.internal.MethodInvocationHelper.invokeMethod(MethodInvocationHelper.java:80)
	at org.testng.internal.Invoker.invokeMethod(Invoker.java:673)
	at org.testng.internal.Invoker.invokeTestMethod(Invoker.java:842)
	at org.testng.internal.Invoker.invokeTestMethods(Invoker.java:1166)
	at org.testng.internal.TestMethodWorker.invokeTestMethods(TestMethodWorker.java:125)
	at org.testng.internal.TestMethodWorker.run(TestMethodWorker.java:109)
	at org.testng.TestRunner.runWorkers(TestRunner.java:1178)
	at org.testng.TestRunner.privateRun(TestRunner.java:757)
	at org.testng.TestRunner.run(TestRunner.java:608)
	at org.testng.SuiteRunner.runTest(SuiteRunner.java:334)
	at org.testng.SuiteRunner.runSequentially(SuiteRunner.java:329)
	at org.testng.SuiteRunner.privateRun(SuiteRunner.java:291)
	at org.testng.SuiteRunner.run(SuiteRunner.java:240)
	at org.testng.SuiteRunnerWorker.runSuite(SuiteRunnerWorker.java:52)
	at org.testng.SuiteRunnerWorker.run(SuiteRunnerWorker.java:86)
	at org.testng.TestNG.runSuitesSequentially(TestNG.java:1158)
	at org.testng.TestNG.runSuitesLocally(TestNG.java:1083)
	at org.testng.TestNG.run(TestNG.java:999)
	at org.apache.maven.surefire.testng.TestNGExecutor.run(TestNGExecutor.java:70)
	at org.apache.maven.surefire.testng.TestNGDirectoryTestSuite.execute(TestNGDirectoryTestSuite.java:109)
	at org.apache.maven.surefire.testng.TestNGProvider.invoke(TestNGProvider.java:111)
	at sun.reflect.NativeMethodAccessorImpl.invoke0(Native Method)
	at sun.reflect.NativeMethodAccessorImpl.invoke(NativeMethodAccessorImpl.java:62)
	at sun.reflect.DelegatingMethodAccessorImpl.invoke(DelegatingMethodAccessorImpl.java:43)
	at java.lang.reflect.Method.invoke(Method.java:498)
	at org.apache.maven.surefire.util.ReflectionUtils.invokeMethodWithArray(ReflectionUtils.java:164)
	at org.apache.maven.surefire.booter.ProviderFactory$ProviderProxy.invoke(ProviderFactory.java:110)
	at org.apache.maven.surefire.booter.SurefireStarter.invokeProvider(SurefireStarter.java:175)
	at org.apache.maven.surefire.booter.SurefireStarter.runSuitesInProcessWhenForked(SurefireStarter.java:107)
	at org.apache.maven.surefire.booter.ForkedBooter.main(ForkedBooter.java:68)
]]>
    </error>
  </testcase>
  <testcase name="testObtenerIncorrecto" time="0,000" classname="pe.edu.upc.dao.impl.TMantengoClienteHibernateDaoTest"/>
  <testcase name="testInsertarIncorrecto" time="0,000" classname="pe.edu.upc.dao.impl.TMantengoClienteHibernateDaoTest"/>
  <testcase name="testObtener" time="0,000" classname="pe.edu.upc.dao.impl.TMantengoClienteHibernateDaoTest"/>
  <testcase name="testActualizarIncorrecto" time="0,000" classname="pe.edu.upc.dao.impl.TMantengoClienteHibernateDaoTest"/>
</testsuite>
