<?xml version="1.0" encoding="UTF-8"?>
<!-- Generated by org.testng.reporters.JUnitReportReporter -->
<testsuite hostname="Kirara" name="pe.edu.upc.dao.impl.TMantengoClienteHibernateDaoTest" tests="9" failures="0" timestamp="3 Jul 2016 14:23:05 GMT" time="0,638" errors="0">
  <testcase name="testActualizarIncorrecto" time="0,015" classname="pe.edu.upc.dao.impl.TMantengoClienteHibernateDaoTest"/>
  <testcase name="testEliminar" time="0,118" classname="pe.edu.upc.dao.impl.TMantengoClienteHibernateDaoTest"/>
  <testcase name="testListar" time="0,157" classname="pe.edu.upc.dao.impl.TMantengoClienteHibernateDaoTest"/>
  <testcase name="testInsertarIncorrecto" time="0,057" classname="pe.edu.upc.dao.impl.TMantengoClienteHibernateDaoTest"/>
  <testcase name="testActualizar" time="0,078" classname="pe.edu.upc.dao.impl.TMantengoClienteHibernateDaoTest"/>
  <testcase name="testObtener" time="0,016" classname="pe.edu.upc.dao.impl.TMantengoClienteHibernateDaoTest"/>
  <testcase name="testInsertar" time="0,181" classname="pe.edu.upc.dao.impl.TMantengoClienteHibernateDaoTest"/>
  <testcase name="testObtenerIncorrecto" time="0,016" classname="pe.edu.upc.dao.impl.TMantengoClienteHibernateDaoTest"/>
  <testcase name="testEliminarIncorrecto" time="0,000" classname="pe.edu.upc.dao.impl.TMantengoClienteHibernateDaoTest"/>
</testsuite>
