<?xml version="1.0" encoding="UTF-8"?>
<!-- Generated by org.testng.reporters.JUnitReportReporter -->
<testsuite hostname="Kirara" name="pe.edu.upc.dao.impl.TMantengoClienteHibernateDaoTest" tests="20" failures="0" timestamp="3 Jun 2016 19:11:59 GMT" time="0,909" errors="0">
  <testcase name="testArregloValidarIncorrecto" time="0,001" classname="pe.edu.upc.dao.impl.TMantengoClienteHibernateDaoTest"/>
  <testcase name="testEliminar" time="0,149" classname="pe.edu.upc.dao.impl.TMantengoClienteHibernateDaoTest"/>
  <testcase name="testInsertarIncorrecto" time="0,054" classname="pe.edu.upc.dao.impl.TMantengoClienteHibernateDaoTest"/>
  <testcase name="testEliminarIncorrecto" time="0,007" classname="pe.edu.upc.dao.impl.TMantengoClienteHibernateDaoTest"/>
  <testcase name="testListar" time="0,259" classname="pe.edu.upc.dao.impl.TMantengoClienteHibernateDaoTest"/>
  <testcase name="testMensajeIncorrecto" time="0,001" classname="pe.edu.upc.dao.impl.TMantengoClienteHibernateDaoTest"/>
  <testcase name="testListarNoVacio" time="0,004" classname="pe.edu.upc.dao.impl.TMantengoClienteHibernateDaoTest"/>
  <testcase name="testRestaNumeros" time="0,000" classname="pe.edu.upc.dao.impl.TMantengoClienteHibernateDaoTest"/>
  <testcase name="testObjectValidarIncorrecto" time="0,000" classname="pe.edu.upc.dao.impl.TMantengoClienteHibernateDaoTest"/>
  <testcase name="testInsertar" time="0,292" classname="pe.edu.upc.dao.impl.TMantengoClienteHibernateDaoTest"/>
  <testcase name="testObjectValidar" time="0,000" classname="pe.edu.upc.dao.impl.TMantengoClienteHibernateDaoTest"/>
  <testcase name="testSumaNumeros" time="0,000" classname="pe.edu.upc.dao.impl.TMantengoClienteHibernateDaoTest"/>
  <testcase name="testMensajeCorrecto" time="0,000" classname="pe.edu.upc.dao.impl.TMantengoClienteHibernateDaoTest"/>
  <testcase name="testArregloValidarCorrecto" time="0,000" classname="pe.edu.upc.dao.impl.TMantengoClienteHibernateDaoTest"/>
  <testcase name="testObtenerIncorrecto" time="0,008" classname="pe.edu.upc.dao.impl.TMantengoClienteHibernateDaoTest"/>
  <testcase name="testActualizarIncorrecto" time="0,005" classname="pe.edu.upc.dao.impl.TMantengoClienteHibernateDaoTest"/>
  <testcase name="testArrayIgualValidar" time="0,001" classname="pe.edu.upc.dao.impl.TMantengoClienteHibernateDaoTest"/>
  <testcase name="testActualizar" time="0,086" classname="pe.edu.upc.dao.impl.TMantengoClienteHibernateDaoTest"/>
  <testcase name="testListarNoVacioMensaje" time="0,005" classname="pe.edu.upc.dao.impl.TMantengoClienteHibernateDaoTest"/>
  <testcase name="testObtener" time="0,037" classname="pe.edu.upc.dao.impl.TMantengoClienteHibernateDaoTest"/>
</testsuite>
