<?xml version="1.0" encoding="UTF-8"?>
<!-- Generated by org.testng.reporters.JUnitReportReporter -->
<testsuite hostname="Kirara" name="pe.edu.upc.dao.impl.TMantengoClienteHibernateDaoTest" tests="20" failures="0" timestamp="3 Jun 2016 18:44:30 GMT" time="0,778" errors="0">
  <testcase name="testActualizar" time="0,102" classname="pe.edu.upc.dao.impl.TMantengoClienteHibernateDaoTest"/>
  <testcase name="testEliminar" time="0,157" classname="pe.edu.upc.dao.impl.TMantengoClienteHibernateDaoTest"/>
  <testcase name="testArrayIgualValidar" time="0,000" classname="pe.edu.upc.dao.impl.TMantengoClienteHibernateDaoTest"/>
  <testcase name="testListar" time="0,187" classname="pe.edu.upc.dao.impl.TMantengoClienteHibernateDaoTest"/>
  <testcase name="testArregloValidarIncorrecto" time="0,000" classname="pe.edu.upc.dao.impl.TMantengoClienteHibernateDaoTest"/>
  <testcase name="testInsertar" time="0,187" classname="pe.edu.upc.dao.impl.TMantengoClienteHibernateDaoTest"/>
  <testcase name="testObtener" time="0,023" classname="pe.edu.upc.dao.impl.TMantengoClienteHibernateDaoTest"/>
  <testcase name="testSumaNumeros" time="0,000" classname="pe.edu.upc.dao.impl.TMantengoClienteHibernateDaoTest"/>
  <testcase name="testMensajeCorrecto" time="0,000" classname="pe.edu.upc.dao.impl.TMantengoClienteHibernateDaoTest"/>
  <testcase name="testObjectValidar" time="0,000" classname="pe.edu.upc.dao.impl.TMantengoClienteHibernateDaoTest"/>
  <testcase name="testArregloValidarCorrecto" time="0,000" classname="pe.edu.upc.dao.impl.TMantengoClienteHibernateDaoTest"/>
  <testcase name="testObtenerIncorrecto" time="0,006" classname="pe.edu.upc.dao.impl.TMantengoClienteHibernateDaoTest"/>
  <testcase name="testListarNoVacio" time="0,000" classname="pe.edu.upc.dao.impl.TMantengoClienteHibernateDaoTest"/>
  <testcase name="testObjectValidarIncorrecto" time="0,000" classname="pe.edu.upc.dao.impl.TMantengoClienteHibernateDaoTest"/>
  <testcase name="testRestaNumeros" time="0,000" classname="pe.edu.upc.dao.impl.TMantengoClienteHibernateDaoTest"/>
  <testcase name="testListarNoVacioMensaje" time="0,016" classname="pe.edu.upc.dao.impl.TMantengoClienteHibernateDaoTest"/>
  <testcase name="testInsertarIncorrecto" time="0,069" classname="pe.edu.upc.dao.impl.TMantengoClienteHibernateDaoTest"/>
  <testcase name="testActualizarIncorrecto" time="0,016" classname="pe.edu.upc.dao.impl.TMantengoClienteHibernateDaoTest"/>
  <testcase name="testMensajeIncorrecto" time="0,000" classname="pe.edu.upc.dao.impl.TMantengoClienteHibernateDaoTest"/>
  <testcase name="testEliminarIncorrecto" time="0,015" classname="pe.edu.upc.dao.impl.TMantengoClienteHibernateDaoTest"/>
</testsuite>
